
*** Running vivado
    with args -log CPU_RIUCode.vds -m64 -product Vivado -mode batch -messageDb vivado.pb -notrace -source CPU_RIUCode.tcl


ECHO 处于关闭状态。
ECHO 处于关闭状态。

****** Vivado v2023.1 (64-bit)
  **** SW Build 3865809 on Sun May  7 15:05:29 MDT 2023
  **** IP Build 3864474 on Sun May  7 20:36:21 MDT 2023
  **** SharedData Build 3865790 on Sun May 07 13:33:03 MDT 2023
    ** Copyright 1986-2022 Xilinx, Inc. All Rights Reserved.
    ** Copyright 2022-2023 Advanced Micro Devices, Inc. All Rights Reserved.

source CPU_RIUCode.tcl -notrace
create_project: Time (s): cpu = 00:00:09 ; elapsed = 00:00:10 . Memory (MB): peak = 435.512 ; gain = 163.766
Command: read_checkpoint -auto_incremental -incremental D:/FPGA/CPU_RIUCode/CPU_RIUCode.srcs/utils_1/imports/synth_1/CPU_RIUCode.dcp
INFO: [Vivado 12-5825] Read reference checkpoint from D:/FPGA/CPU_RIUCode/CPU_RIUCode.srcs/utils_1/imports/synth_1/CPU_RIUCode.dcp for incremental synthesis
INFO: [Vivado 12-7989] Please ensure there are no constraint changes
Command: synth_design -top CPU_RIUCode -part xc7a100tfgg484-2L
Starting synth_design
Attempting to get a license for feature 'Synthesis' and/or device 'xc7a100t'
INFO: [Common 17-349] Got license for feature 'Synthesis' and/or device 'xc7a100t'
INFO: [Device 21-403] Loading part xc7a100tfgg484-2L
INFO: [Designutils 20-5440] No compile time benefit to using incremental synthesis; A full resynthesis will be run
INFO: [Designutils 20-4379] Flow is switching to default flow due to incremental criteria not met. If you would like to alter this behaviour and have the flow terminate instead, please set the following parameter config_implementation {autoIncr.Synth.RejectBehavior Terminate}
INFO: [Synth 8-7079] Multithreading enabled for synth_design using a maximum of 2 processes.
INFO: [Synth 8-7078] Launching helper process for spawning children vivado processes
INFO: [Synth 8-7075] Helper process launched with PID 20904
---------------------------------------------------------------------------------
Starting RTL Elaboration : Time (s): cpu = 00:00:07 ; elapsed = 00:00:08 . Memory (MB): peak = 1278.473 ; gain = 410.789
---------------------------------------------------------------------------------
INFO: [Synth 8-6157] synthesizing module 'CPU_RIUCode' [D:/FPGA/CPU_RIUCode/CPU_RIUCode.srcs/sources_1/new/CPU_RIUCode.v:1]
INFO: [Synth 8-6157] synthesizing module 'shumaguan' [D:/FPGA/CPU_RIUCode/CPU_RIUCode.srcs/sources_1/new/shumaguan.v:1]
INFO: [Synth 8-6157] synthesizing module 'delay_5ms' [D:/FPGA/CPU_RIUCode/CPU_RIUCode.srcs/sources_1/new/delay_5ms.v:1]
INFO: [Synth 8-6155] done synthesizing module 'delay_5ms' (0#1) [D:/FPGA/CPU_RIUCode/CPU_RIUCode.srcs/sources_1/new/delay_5ms.v:1]
INFO: [Synth 8-226] default block is never used [D:/FPGA/CPU_RIUCode/CPU_RIUCode.srcs/sources_1/new/shumaguan.v:15]
INFO: [Synth 8-6157] synthesizing module 'SMG' [D:/FPGA/CPU_RIUCode/CPU_RIUCode.srcs/sources_1/new/SMG.v:1]
INFO: [Synth 8-226] default block is never used [D:/FPGA/CPU_RIUCode/CPU_RIUCode.srcs/sources_1/new/SMG.v:9]
INFO: [Synth 8-226] default block is never used [D:/FPGA/CPU_RIUCode/CPU_RIUCode.srcs/sources_1/new/SMG.v:23]
INFO: [Synth 8-6155] done synthesizing module 'SMG' (0#1) [D:/FPGA/CPU_RIUCode/CPU_RIUCode.srcs/sources_1/new/SMG.v:1]
INFO: [Synth 8-6155] done synthesizing module 'shumaguan' (0#1) [D:/FPGA/CPU_RIUCode/CPU_RIUCode.srcs/sources_1/new/shumaguan.v:1]
INFO: [Synth 8-6157] synthesizing module 'Fetch_Code' [D:/FPGA/CPU_RIUCode/CPU_RIUCode.srcs/sources_1/new/Fetch_Code.v:1]
INFO: [Synth 8-6157] synthesizing module 'IF' [D:/FPGA/CPU_RIUCode/CPU_RIUCode.srcs/sources_1/new/IF.v:1]
INFO: [Synth 8-6157] synthesizing module 'IM' [D:/FPGA/CPU_RIUCode/CPU_RIUCode.runs/synth_1/.Xil/Vivado-15060-DESKTOP-1C6V4N9/realtime/IM_stub.v:6]
INFO: [Synth 8-6155] done synthesizing module 'IM' (0#1) [D:/FPGA/CPU_RIUCode/CPU_RIUCode.runs/synth_1/.Xil/Vivado-15060-DESKTOP-1C6V4N9/realtime/IM_stub.v:6]
INFO: [Synth 8-6155] done synthesizing module 'IF' (0#1) [D:/FPGA/CPU_RIUCode/CPU_RIUCode.srcs/sources_1/new/IF.v:1]
INFO: [Synth 8-6157] synthesizing module 'ID1' [D:/FPGA/CPU_RIUCode/CPU_RIUCode.srcs/sources_1/new/ID1.v:1]
INFO: [Synth 8-6155] done synthesizing module 'ID1' (0#1) [D:/FPGA/CPU_RIUCode/CPU_RIUCode.srcs/sources_1/new/ID1.v:1]
INFO: [Synth 8-6155] done synthesizing module 'Fetch_Code' (0#1) [D:/FPGA/CPU_RIUCode/CPU_RIUCode.srcs/sources_1/new/Fetch_Code.v:1]
INFO: [Synth 8-6157] synthesizing module 'ALU_RegisterFile' [D:/FPGA/CPU_RIUCode/CPU_RIUCode.srcs/sources_1/new/ALU_RegisterFile.v:1]
INFO: [Synth 8-6157] synthesizing module 'registerfile' [D:/FPGA/CPU_RIUCode/CPU_RIUCode.srcs/sources_1/new/registerfile.v:1]
INFO: [Synth 8-6155] done synthesizing module 'registerfile' (0#1) [D:/FPGA/CPU_RIUCode/CPU_RIUCode.srcs/sources_1/new/registerfile.v:1]
INFO: [Synth 8-155] case statement is not full and has no default [D:/FPGA/CPU_RIUCode/CPU_RIUCode.srcs/sources_1/new/ALU_RegisterFile.v:34]
INFO: [Synth 8-6155] done synthesizing module 'ALU_RegisterFile' (0#1) [D:/FPGA/CPU_RIUCode/CPU_RIUCode.srcs/sources_1/new/ALU_RegisterFile.v:1]
INFO: [Synth 8-6157] synthesizing module 'CU' [D:/FPGA/CPU_RIUCode/CPU_RIUCode.srcs/sources_1/new/CU.v:1]
INFO: [Synth 8-6157] synthesizing module 'ID2' [D:/FPGA/CPU_RIUCode/CPU_RIUCode.srcs/sources_1/new/ID2.v:1]
INFO: [Synth 8-6155] done synthesizing module 'ID2' (0#1) [D:/FPGA/CPU_RIUCode/CPU_RIUCode.srcs/sources_1/new/ID2.v:1]
INFO: [Synth 8-155] case statement is not full and has no default [D:/FPGA/CPU_RIUCode/CPU_RIUCode.srcs/sources_1/new/CU.v:68]
INFO: [Synth 8-6155] done synthesizing module 'CU' (0#1) [D:/FPGA/CPU_RIUCode/CPU_RIUCode.srcs/sources_1/new/CU.v:1]
INFO: [Synth 8-6155] done synthesizing module 'CPU_RIUCode' (0#1) [D:/FPGA/CPU_RIUCode/CPU_RIUCode.srcs/sources_1/new/CPU_RIUCode.v:1]
WARNING: [Synth 8-7137] Register REG_Files_reg[0] in module registerfile has both Set and reset with same priority. This may cause simulation mismatches. Consider rewriting code  [D:/FPGA/CPU_RIUCode/CPU_RIUCode.srcs/sources_1/new/registerfile.v:9]
WARNING: [Synth 8-7137] Register REG_Files_reg[1] in module registerfile has both Set and reset with same priority. This may cause simulation mismatches. Consider rewriting code  [D:/FPGA/CPU_RIUCode/CPU_RIUCode.srcs/sources_1/new/registerfile.v:9]
WARNING: [Synth 8-7137] Register REG_Files_reg[2] in module registerfile has both Set and reset with same priority. This may cause simulation mismatches. Consider rewriting code  [D:/FPGA/CPU_RIUCode/CPU_RIUCode.srcs/sources_1/new/registerfile.v:9]
WARNING: [Synth 8-7137] Register REG_Files_reg[3] in module registerfile has both Set and reset with same priority. This may cause simulation mismatches. Consider rewriting code  [D:/FPGA/CPU_RIUCode/CPU_RIUCode.srcs/sources_1/new/registerfile.v:9]
WARNING: [Synth 8-7137] Register REG_Files_reg[4] in module registerfile has both Set and reset with same priority. This may cause simulation mismatches. Consider rewriting code  [D:/FPGA/CPU_RIUCode/CPU_RIUCode.srcs/sources_1/new/registerfile.v:9]
WARNING: [Synth 8-7137] Register REG_Files_reg[5] in module registerfile has both Set and reset with same priority. This may cause simulation mismatches. Consider rewriting code  [D:/FPGA/CPU_RIUCode/CPU_RIUCode.srcs/sources_1/new/registerfile.v:9]
WARNING: [Synth 8-7137] Register REG_Files_reg[6] in module registerfile has both Set and reset with same priority. This may cause simulation mismatches. Consider rewriting code  [D:/FPGA/CPU_RIUCode/CPU_RIUCode.srcs/sources_1/new/registerfile.v:9]
WARNING: [Synth 8-7137] Register REG_Files_reg[7] in module registerfile has both Set and reset with same priority. This may cause simulation mismatches. Consider rewriting code  [D:/FPGA/CPU_RIUCode/CPU_RIUCode.srcs/sources_1/new/registerfile.v:9]
WARNING: [Synth 8-7137] Register REG_Files_reg[8] in module registerfile has both Set and reset with same priority. This may cause simulation mismatches. Consider rewriting code  [D:/FPGA/CPU_RIUCode/CPU_RIUCode.srcs/sources_1/new/registerfile.v:9]
WARNING: [Synth 8-7137] Register REG_Files_reg[9] in module registerfile has both Set and reset with same priority. This may cause simulation mismatches. Consider rewriting code  [D:/FPGA/CPU_RIUCode/CPU_RIUCode.srcs/sources_1/new/registerfile.v:9]
WARNING: [Synth 8-7137] Register REG_Files_reg[10] in module registerfile has both Set and reset with same priority. This may cause simulation mismatches. Consider rewriting code  [D:/FPGA/CPU_RIUCode/CPU_RIUCode.srcs/sources_1/new/registerfile.v:9]
WARNING: [Synth 8-7137] Register REG_Files_reg[11] in module registerfile has both Set and reset with same priority. This may cause simulation mismatches. Consider rewriting code  [D:/FPGA/CPU_RIUCode/CPU_RIUCode.srcs/sources_1/new/registerfile.v:9]
WARNING: [Synth 8-7137] Register REG_Files_reg[12] in module registerfile has both Set and reset with same priority. This may cause simulation mismatches. Consider rewriting code  [D:/FPGA/CPU_RIUCode/CPU_RIUCode.srcs/sources_1/new/registerfile.v:9]
WARNING: [Synth 8-7137] Register REG_Files_reg[13] in module registerfile has both Set and reset with same priority. This may cause simulation mismatches. Consider rewriting code  [D:/FPGA/CPU_RIUCode/CPU_RIUCode.srcs/sources_1/new/registerfile.v:9]
WARNING: [Synth 8-7137] Register REG_Files_reg[14] in module registerfile has both Set and reset with same priority. This may cause simulation mismatches. Consider rewriting code  [D:/FPGA/CPU_RIUCode/CPU_RIUCode.srcs/sources_1/new/registerfile.v:9]
WARNING: [Synth 8-7137] Register REG_Files_reg[15] in module registerfile has both Set and reset with same priority. This may cause simulation mismatches. Consider rewriting code  [D:/FPGA/CPU_RIUCode/CPU_RIUCode.srcs/sources_1/new/registerfile.v:9]
WARNING: [Synth 8-7137] Register REG_Files_reg[16] in module registerfile has both Set and reset with same priority. This may cause simulation mismatches. Consider rewriting code  [D:/FPGA/CPU_RIUCode/CPU_RIUCode.srcs/sources_1/new/registerfile.v:9]
WARNING: [Synth 8-7137] Register REG_Files_reg[17] in module registerfile has both Set and reset with same priority. This may cause simulation mismatches. Consider rewriting code  [D:/FPGA/CPU_RIUCode/CPU_RIUCode.srcs/sources_1/new/registerfile.v:9]
WARNING: [Synth 8-7137] Register REG_Files_reg[18] in module registerfile has both Set and reset with same priority. This may cause simulation mismatches. Consider rewriting code  [D:/FPGA/CPU_RIUCode/CPU_RIUCode.srcs/sources_1/new/registerfile.v:9]
WARNING: [Synth 8-7137] Register REG_Files_reg[19] in module registerfile has both Set and reset with same priority. This may cause simulation mismatches. Consider rewriting code  [D:/FPGA/CPU_RIUCode/CPU_RIUCode.srcs/sources_1/new/registerfile.v:9]
WARNING: [Synth 8-7137] Register REG_Files_reg[20] in module registerfile has both Set and reset with same priority. This may cause simulation mismatches. Consider rewriting code  [D:/FPGA/CPU_RIUCode/CPU_RIUCode.srcs/sources_1/new/registerfile.v:9]
WARNING: [Synth 8-7137] Register REG_Files_reg[21] in module registerfile has both Set and reset with same priority. This may cause simulation mismatches. Consider rewriting code  [D:/FPGA/CPU_RIUCode/CPU_RIUCode.srcs/sources_1/new/registerfile.v:9]
WARNING: [Synth 8-7137] Register REG_Files_reg[22] in module registerfile has both Set and reset with same priority. This may cause simulation mismatches. Consider rewriting code  [D:/FPGA/CPU_RIUCode/CPU_RIUCode.srcs/sources_1/new/registerfile.v:9]
WARNING: [Synth 8-7137] Register REG_Files_reg[23] in module registerfile has both Set and reset with same priority. This may cause simulation mismatches. Consider rewriting code  [D:/FPGA/CPU_RIUCode/CPU_RIUCode.srcs/sources_1/new/registerfile.v:9]
WARNING: [Synth 8-7137] Register REG_Files_reg[24] in module registerfile has both Set and reset with same priority. This may cause simulation mismatches. Consider rewriting code  [D:/FPGA/CPU_RIUCode/CPU_RIUCode.srcs/sources_1/new/registerfile.v:9]
WARNING: [Synth 8-7137] Register REG_Files_reg[25] in module registerfile has both Set and reset with same priority. This may cause simulation mismatches. Consider rewriting code  [D:/FPGA/CPU_RIUCode/CPU_RIUCode.srcs/sources_1/new/registerfile.v:9]
WARNING: [Synth 8-7137] Register REG_Files_reg[26] in module registerfile has both Set and reset with same priority. This may cause simulation mismatches. Consider rewriting code  [D:/FPGA/CPU_RIUCode/CPU_RIUCode.srcs/sources_1/new/registerfile.v:9]
WARNING: [Synth 8-7137] Register REG_Files_reg[27] in module registerfile has both Set and reset with same priority. This may cause simulation mismatches. Consider rewriting code  [D:/FPGA/CPU_RIUCode/CPU_RIUCode.srcs/sources_1/new/registerfile.v:9]
WARNING: [Synth 8-7137] Register REG_Files_reg[28] in module registerfile has both Set and reset with same priority. This may cause simulation mismatches. Consider rewriting code  [D:/FPGA/CPU_RIUCode/CPU_RIUCode.srcs/sources_1/new/registerfile.v:9]
WARNING: [Synth 8-7137] Register REG_Files_reg[29] in module registerfile has both Set and reset with same priority. This may cause simulation mismatches. Consider rewriting code  [D:/FPGA/CPU_RIUCode/CPU_RIUCode.srcs/sources_1/new/registerfile.v:9]
WARNING: [Synth 8-7137] Register REG_Files_reg[30] in module registerfile has both Set and reset with same priority. This may cause simulation mismatches. Consider rewriting code  [D:/FPGA/CPU_RIUCode/CPU_RIUCode.srcs/sources_1/new/registerfile.v:9]
WARNING: [Synth 8-7137] Register REG_Files_reg[31] in module registerfile has both Set and reset with same priority. This may cause simulation mismatches. Consider rewriting code  [D:/FPGA/CPU_RIUCode/CPU_RIUCode.srcs/sources_1/new/registerfile.v:9]
WARNING: [Synth 8-6014] Unused sequential element OF_reg was removed.  [D:/FPGA/CPU_RIUCode/CPU_RIUCode.srcs/sources_1/new/ALU_RegisterFile.v:32]
WARNING: [Synth 8-6014] Unused sequential element CF_reg was removed.  [D:/FPGA/CPU_RIUCode/CPU_RIUCode.srcs/sources_1/new/ALU_RegisterFile.v:33]
WARNING: [Synth 8-6014] Unused sequential element ZF_reg was removed.  [D:/FPGA/CPU_RIUCode/CPU_RIUCode.srcs/sources_1/new/ALU_RegisterFile.v:46]
WARNING: [Synth 8-6014] Unused sequential element SF_reg was removed.  [D:/FPGA/CPU_RIUCode/CPU_RIUCode.srcs/sources_1/new/ALU_RegisterFile.v:47]
WARNING: [Synth 8-7129] Port funct7[6] in module ID2 is either unconnected or has no load
WARNING: [Synth 8-7129] Port funct7[4] in module ID2 is either unconnected or has no load
WARNING: [Synth 8-7129] Port funct7[3] in module ID2 is either unconnected or has no load
WARNING: [Synth 8-7129] Port funct7[2] in module ID2 is either unconnected or has no load
WARNING: [Synth 8-7129] Port funct7[1] in module ID2 is either unconnected or has no load
WARNING: [Synth 8-7129] Port funct7[0] in module ID2 is either unconnected or has no load
WARNING: [Synth 8-7129] Port rs2_imm_s in module ALU_RegisterFile is either unconnected or has no load
---------------------------------------------------------------------------------
Finished RTL Elaboration : Time (s): cpu = 00:00:09 ; elapsed = 00:00:11 . Memory (MB): peak = 1384.184 ; gain = 516.500
---------------------------------------------------------------------------------
---------------------------------------------------------------------------------
Start Handling Custom Attributes
---------------------------------------------------------------------------------
---------------------------------------------------------------------------------
Finished Handling Custom Attributes : Time (s): cpu = 00:00:09 ; elapsed = 00:00:11 . Memory (MB): peak = 1384.184 ; gain = 516.500
---------------------------------------------------------------------------------
---------------------------------------------------------------------------------
Finished RTL Optimization Phase 1 : Time (s): cpu = 00:00:09 ; elapsed = 00:00:11 . Memory (MB): peak = 1384.184 ; gain = 516.500
---------------------------------------------------------------------------------
Netlist sorting complete. Time (s): cpu = 00:00:00 ; elapsed = 00:00:00.056 . Memory (MB): peak = 1384.184 ; gain = 0.000
INFO: [Project 1-570] Preparing netlist for logic optimization

Processing XDC Constraints
Initializing timing engine
Parsing XDC File [d:/FPGA/CPU_RIUCode/CPU_RIUCode.gen/sources_1/ip/IM/IM/IM_in_context.xdc] for cell 'uu2/uu1/uut'
Finished Parsing XDC File [d:/FPGA/CPU_RIUCode/CPU_RIUCode.gen/sources_1/ip/IM/IM/IM_in_context.xdc] for cell 'uu2/uu1/uut'
Parsing XDC File [D:/FPGA/CPU_RIUCode/CPU_RIUCode.srcs/constrs_1/new/CPU_RIUCode.xdc]
WARNING: [Vivado 12-507] No nets matched 'clk_IBUF'. [D:/FPGA/CPU_RIUCode/CPU_RIUCode.srcs/constrs_1/new/CPU_RIUCode.xdc:51]
WARNING: [Vivado 12-507] No nets matched 'rst_n_IBUF'. [D:/FPGA/CPU_RIUCode/CPU_RIUCode.srcs/constrs_1/new/CPU_RIUCode.xdc:52]
Finished Parsing XDC File [D:/FPGA/CPU_RIUCode/CPU_RIUCode.srcs/constrs_1/new/CPU_RIUCode.xdc]
WARNING: [Project 1-498] One or more constraints failed evaluation while reading constraint file [D:/FPGA/CPU_RIUCode/CPU_RIUCode.srcs/constrs_1/new/CPU_RIUCode.xdc] and the design contains unresolved black boxes. These constraints will be read post-synthesis (as long as their source constraint file is marked as used_in_implementation) and should be applied correctly then. You should review the constraints listed in the file [.Xil/CPU_RIUCode_propImpl.xdc] and check the run log file to verify that these constraints were correctly applied.
INFO: [Project 1-236] Implementation specific constraints were found while reading constraint file [D:/FPGA/CPU_RIUCode/CPU_RIUCode.srcs/constrs_1/new/CPU_RIUCode.xdc]. These constraints will be ignored for synthesis but will be used in implementation. Impacted constraints are listed in the file [.Xil/CPU_RIUCode_propImpl.xdc].
Resolution: To avoid this warning, move constraints listed in [.Xil/CPU_RIUCode_propImpl.xdc] to another XDC file and exclude this new file from synthesis with the used_in_synthesis property (File Properties dialog in GUI) and re-run elaboration/synthesis.
Completed Processing XDC Constraints

Netlist sorting complete. Time (s): cpu = 00:00:00 ; elapsed = 00:00:00.001 . Memory (MB): peak = 1489.812 ; gain = 0.000
INFO: [Project 1-111] Unisim Transformation Summary:
No Unisim elements were transformed.

Constraint Validation Runtime : Time (s): cpu = 00:00:00 ; elapsed = 00:00:00.014 . Memory (MB): peak = 1489.812 ; gain = 0.000
INFO: [Designutils 20-5440] No compile time benefit to using incremental synthesis; A full resynthesis will be run
INFO: [Designutils 20-4379] Flow is switching to default flow due to incremental criteria not met. If you would like to alter this behaviour and have the flow terminate instead, please set the following parameter config_implementation {autoIncr.Synth.RejectBehavior Terminate}
---------------------------------------------------------------------------------
Finished Constraint Validation : Time (s): cpu = 00:00:20 ; elapsed = 00:00:22 . Memory (MB): peak = 1489.812 ; gain = 622.129
---------------------------------------------------------------------------------
---------------------------------------------------------------------------------
Start Loading Part and Timing Information
---------------------------------------------------------------------------------
Loading part: xc7a100tfgg484-2L
---------------------------------------------------------------------------------
Finished Loading Part and Timing Information : Time (s): cpu = 00:00:20 ; elapsed = 00:00:22 . Memory (MB): peak = 1489.812 ; gain = 622.129
---------------------------------------------------------------------------------
---------------------------------------------------------------------------------
Start Applying 'set_property' XDC Constraints
---------------------------------------------------------------------------------
Applied set_property KEEP_HIERARCHY = SOFT for uu2/uu1/uut. (constraint file  auto generated constraint).
---------------------------------------------------------------------------------
Finished applying 'set_property' XDC Constraints : Time (s): cpu = 00:00:20 ; elapsed = 00:00:22 . Memory (MB): peak = 1489.812 ; gain = 622.129
---------------------------------------------------------------------------------
INFO: [Synth 8-802] inferred FSM for state register 'ST_reg' in module 'CU'
WARNING: [Synth 8-327] inferring latch for variable 'ALU_OP_reg' [D:/FPGA/CPU_RIUCode/CPU_RIUCode.srcs/sources_1/new/ID2.v:21]
---------------------------------------------------------------------------------------------------
                   State |                     New Encoding |                Previous Encoding 
---------------------------------------------------------------------------------------------------
                 iSTATE4 |                              000 |                              000
                  iSTATE |                              001 |                              001
                 iSTATE2 |                              010 |                              110
                 iSTATE1 |                              011 |                              010
                 iSTATE3 |                              100 |                              011
                 iSTATE5 |                              101 |                              101
                 iSTATE0 |                              110 |                              100
---------------------------------------------------------------------------------------------------
INFO: [Synth 8-3354] encoded FSM with state register 'ST_reg' using encoding 'sequential' in module 'CU'
---------------------------------------------------------------------------------
Finished RTL Optimization Phase 2 : Time (s): cpu = 00:00:21 ; elapsed = 00:00:23 . Memory (MB): peak = 1489.812 ; gain = 622.129
---------------------------------------------------------------------------------
---------------------------------------------------------------------------------
Start RTL Component Statistics 
---------------------------------------------------------------------------------
Detailed RTL Component Info : 
+---Adders : 
	   2 Input   33 Bit       Adders := 1     
	   3 Input   33 Bit       Adders := 1     
	   2 Input    3 Bit       Adders := 1     
+---XORs : 
	   2 Input     32 Bit         XORs := 1     
	   4 Input      1 Bit         XORs := 1     
+---Registers : 
	               32 Bit    Registers := 36    
	                4 Bit    Registers := 2     
	                3 Bit    Registers := 1     
	                1 Bit    Registers := 4     
+---Muxes : 
	   6 Input   32 Bit        Muxes := 1     
	   2 Input   32 Bit        Muxes := 42    
	   2 Input    4 Bit        Muxes := 1     
	   7 Input    4 Bit        Muxes := 1     
	   9 Input    3 Bit        Muxes := 1     
	   3 Input    3 Bit        Muxes := 1     
	   7 Input    3 Bit        Muxes := 2     
	   2 Input    3 Bit        Muxes := 3     
	   2 Input    1 Bit        Muxes := 37    
	  11 Input    1 Bit        Muxes := 1     
	   4 Input    1 Bit        Muxes := 4     
	   7 Input    1 Bit        Muxes := 5     
---------------------------------------------------------------------------------
Finished RTL Component Statistics 
---------------------------------------------------------------------------------
---------------------------------------------------------------------------------
Start Part Resource Summary
---------------------------------------------------------------------------------
Part Resources:
DSPs: 240 (col length:80)
BRAMs: 270 (col length: RAMB18 80 RAMB36 40)
---------------------------------------------------------------------------------
Finished Part Resource Summary
---------------------------------------------------------------------------------
---------------------------------------------------------------------------------
Start Cross Boundary and Area Optimization
---------------------------------------------------------------------------------
WARNING: [Synth 8-7080] Parallel synthesis criteria is not met
WARNING: [Synth 8-3917] design CPU_RIUCode has port AN[3] driven by constant 1
WARNING: [Synth 8-7129] Port rs2_imm_s in module ALU_RegisterFile is either unconnected or has no load
---------------------------------------------------------------------------------
Finished Cross Boundary and Area Optimization : Time (s): cpu = 00:00:33 ; elapsed = 00:00:35 . Memory (MB): peak = 1489.812 ; gain = 622.129
---------------------------------------------------------------------------------
---------------------------------------------------------------------------------
Start Applying XDC Timing Constraints
---------------------------------------------------------------------------------
---------------------------------------------------------------------------------
Finished Applying XDC Timing Constraints : Time (s): cpu = 00:00:40 ; elapsed = 00:00:43 . Memory (MB): peak = 1489.812 ; gain = 622.129
---------------------------------------------------------------------------------
---------------------------------------------------------------------------------
Start Timing Optimization
---------------------------------------------------------------------------------
---------------------------------------------------------------------------------
Finished Timing Optimization : Time (s): cpu = 00:00:41 ; elapsed = 00:00:43 . Memory (MB): peak = 1489.812 ; gain = 622.129
---------------------------------------------------------------------------------
---------------------------------------------------------------------------------
Start Technology Mapping
---------------------------------------------------------------------------------
---------------------------------------------------------------------------------
Finished Technology Mapping : Time (s): cpu = 00:00:42 ; elapsed = 00:00:44 . Memory (MB): peak = 1489.812 ; gain = 622.129
---------------------------------------------------------------------------------
---------------------------------------------------------------------------------
Start IO Insertion
---------------------------------------------------------------------------------
---------------------------------------------------------------------------------
Start Flattening Before IO Insertion
---------------------------------------------------------------------------------
---------------------------------------------------------------------------------
Finished Flattening Before IO Insertion
---------------------------------------------------------------------------------
---------------------------------------------------------------------------------
Start Final Netlist Cleanup
---------------------------------------------------------------------------------
---------------------------------------------------------------------------------
Finished Final Netlist Cleanup
---------------------------------------------------------------------------------
---------------------------------------------------------------------------------
Finished IO Insertion : Time (s): cpu = 00:00:48 ; elapsed = 00:00:51 . Memory (MB): peak = 1489.812 ; gain = 622.129
---------------------------------------------------------------------------------
---------------------------------------------------------------------------------
Start Renaming Generated Instances
---------------------------------------------------------------------------------
---------------------------------------------------------------------------------
Finished Renaming Generated Instances : Time (s): cpu = 00:00:48 ; elapsed = 00:00:51 . Memory (MB): peak = 1489.812 ; gain = 622.129
---------------------------------------------------------------------------------
---------------------------------------------------------------------------------
Start Rebuilding User Hierarchy
---------------------------------------------------------------------------------
---------------------------------------------------------------------------------
Finished Rebuilding User Hierarchy : Time (s): cpu = 00:00:48 ; elapsed = 00:00:51 . Memory (MB): peak = 1489.812 ; gain = 622.129
---------------------------------------------------------------------------------
---------------------------------------------------------------------------------
Start Renaming Generated Ports
---------------------------------------------------------------------------------
---------------------------------------------------------------------------------
Finished Renaming Generated Ports : Time (s): cpu = 00:00:48 ; elapsed = 00:00:51 . Memory (MB): peak = 1489.812 ; gain = 622.129
---------------------------------------------------------------------------------
---------------------------------------------------------------------------------
Start Handling Custom Attributes
---------------------------------------------------------------------------------
---------------------------------------------------------------------------------
Finished Handling Custom Attributes : Time (s): cpu = 00:00:48 ; elapsed = 00:00:51 . Memory (MB): peak = 1489.812 ; gain = 622.129
---------------------------------------------------------------------------------
---------------------------------------------------------------------------------
Start Renaming Generated Nets
---------------------------------------------------------------------------------
---------------------------------------------------------------------------------
Finished Renaming Generated Nets : Time (s): cpu = 00:00:48 ; elapsed = 00:00:51 . Memory (MB): peak = 1489.812 ; gain = 622.129
---------------------------------------------------------------------------------
---------------------------------------------------------------------------------
Start Writing Synthesis Report
---------------------------------------------------------------------------------

Report BlackBoxes: 
+------+--------------+----------+
|      |BlackBox name |Instances |
+------+--------------+----------+
|1     |IM            |         1|
+------+--------------+----------+

Report Cell Usage: 
+------+-------+------+
|      |Cell   |Count |
+------+-------+------+
|1     |IM     |     1|
|2     |BUFG   |     2|
|3     |CARRY4 |    40|
|4     |LUT1   |     4|
|5     |LUT2   |   303|
|6     |LUT3   |   111|
|7     |LUT4   |   169|
|8     |LUT5   |   117|
|9     |LUT6   |  1038|
|10    |MUXF7  |   288|
|11    |FDCE   |  1062|
|12    |FDPE   |     1|
|13    |FDRE   |   153|
|14    |LD     |     4|
|15    |IBUF   |     6|
|16    |OBUF   |    16|
+------+-------+------+
---------------------------------------------------------------------------------
Finished Writing Synthesis Report : Time (s): cpu = 00:00:48 ; elapsed = 00:00:51 . Memory (MB): peak = 1489.812 ; gain = 622.129
---------------------------------------------------------------------------------
Synthesis finished with 0 errors, 0 critical warnings and 4 warnings.
Synthesis Optimization Runtime : Time (s): cpu = 00:00:36 ; elapsed = 00:00:48 . Memory (MB): peak = 1489.812 ; gain = 516.500
Synthesis Optimization Complete : Time (s): cpu = 00:00:48 ; elapsed = 00:00:51 . Memory (MB): peak = 1489.812 ; gain = 622.129
INFO: [Project 1-571] Translating synthesized netlist
Netlist sorting complete. Time (s): cpu = 00:00:00 ; elapsed = 00:00:00.047 . Memory (MB): peak = 1489.812 ; gain = 0.000
INFO: [Netlist 29-17] Analyzing 332 Unisim elements for replacement
INFO: [Netlist 29-28] Unisim Transformation completed in 0 CPU seconds
INFO: [Project 1-570] Preparing netlist for logic optimization
INFO: [Opt 31-138] Pushed 0 inverter(s) to 0 load pin(s).
Netlist sorting complete. Time (s): cpu = 00:00:00 ; elapsed = 00:00:00 . Memory (MB): peak = 1489.812 ; gain = 0.000
INFO: [Project 1-111] Unisim Transformation Summary:
  A total of 4 instances were transformed.
  LD => LDCE: 4 instances

Synth Design complete | Checksum: 21ac501f
INFO: [Common 17-83] Releasing license: Synthesis
52 Infos, 50 Warnings, 0 Critical Warnings and 0 Errors encountered.
synth_design completed successfully
synth_design: Time (s): cpu = 00:00:55 ; elapsed = 00:01:01 . Memory (MB): peak = 1489.812 ; gain = 1020.527
INFO: [Common 17-1381] The checkpoint 'D:/FPGA/CPU_RIUCode/CPU_RIUCode.runs/synth_1/CPU_RIUCode.dcp' has been generated.
INFO: [runtcl-4] Executing : report_utilization -file CPU_RIUCode_utilization_synth.rpt -pb CPU_RIUCode_utilization_synth.pb
INFO: [Common 17-206] Exiting Vivado at Sat May 24 14:38:28 2025...
