Copyright 1986-2022 Xilinx, Inc. All Rights Reserved. Copyright 2022-2023 Advanced Micro Devices, Inc. All Rights Reserved.
---------------------------------------------------------------------------------------------------------------------------------------------
| Tool Version : Vivado v.2023.1 (win64) Build 3865809 Sun May  7 15:05:29 MDT 2023
| Date         : Sat May 24 20:18:53 2025
| Host         : DESKTOP-1C6V4N9 running 64-bit major release  (build 9200)
| Command      : report_control_sets -verbose -file CPU_RIUS_control_sets_placed.rpt
| Design       : CPU_RIUS
| Device       : xc7a100t
---------------------------------------------------------------------------------------------------------------------------------------------

Control Set Information

Table of Contents
-----------------
1. Summary
2. Histogram
3. Flip-Flop Distribution
4. Detailed Control Set Information

1. Summary
----------

+----------------------------------------------------------+-------+
|                          Status                          | Count |
+----------------------------------------------------------+-------+
| Total control sets                                       |    74 |
|    Minimum number of control sets                        |    74 |
|    Addition due to synthesis replication                 |     0 |
|    Addition due to physical synthesis replication        |     0 |
| Unused register locations in slices containing registers |    91 |
+----------------------------------------------------------+-------+
* Control sets can be merged at opt_design using control_set_merge or merge_equivalent_drivers
** Run report_qor_suggestions for automated merging and remapping suggestions


2. Histogram
------------

+--------------------+-------+
|       Fanout       | Count |
+--------------------+-------+
| Total control sets |    74 |
| >= 0 to < 4        |     1 |
| >= 4 to < 6        |     1 |
| >= 6 to < 8        |     0 |
| >= 8 to < 10       |     0 |
| >= 10 to < 12      |     1 |
| >= 12 to < 14      |     0 |
| >= 14 to < 16      |     1 |
| >= 16              |    70 |
+--------------------+-------+
* Control sets can be remapped at either synth_design or opt_design


3. Flip-Flop Distribution
-------------------------

+--------------+-----------------------+------------------------+-----------------+--------------+
| Clock Enable | Synchronous Set/Reset | Asynchronous Set/Reset | Total Registers | Total Slices |
+--------------+-----------------------+------------------------+-----------------+--------------+
| No           | No                    | No                     |             244 |          101 |
| No           | No                    | Yes                    |              11 |            4 |
| No           | Yes                   | No                     |              16 |            4 |
| Yes          | No                    | No                     |              34 |           10 |
| Yes          | No                    | Yes                    |            2028 |          730 |
| Yes          | Yes                   | No                     |               0 |            0 |
+--------------+-----------------------+------------------------+-----------------+--------------+


4. Detailed Control Set Information
-----------------------------------

+----------------------+---------------------------+------------------+------------------+----------------+--------------+
|     Clock Signal     |       Enable Signal       | Set/Reset Signal | Slice Load Count | Bel Load Count | Bels / Slice |
+----------------------+---------------------------+------------------+------------------+----------------+--------------+
|  clk_25M_IBUF_BUFG   |                           |                  |                1 |              3 |         3.00 |
|  uu2/uu1/IR_reg[1]_0 |                           |                  |                1 |              4 |         4.00 |
|  clk_IBUF_BUFG       |                           | uu3/uu1/rst_n    |                4 |             11 |         2.75 |
|  clk_IBUF_BUFG       | uu6/PC_Write_i_1_n_1      | uu3/uu1/rst_n    |                5 |             15 |         3.00 |
|  clk_25M_IBUF_BUFG   |                           | uu1/uu1/clear    |                4 |             16 |         4.00 |
|  clk_IBUF_BUFG       | uu3/F_reg[0]_rep__0_9[0]  | uu3/uu1/rst_n    |               16 |             28 |         1.75 |
|  clk_IBUF_BUFG       | uu3/F_reg[0]_rep__0_6[0]  | uu3/uu1/rst_n    |               10 |             28 |         2.80 |
|  clk_IBUF_BUFG       | uu3/F_reg[2]_0            | uu3/uu1/rst_n    |                9 |             29 |         3.22 |
|  clk_IBUF_BUFG       | uu3/F_reg[0]_rep__0_10[0] | uu3/uu1/rst_n    |               15 |             29 |         1.93 |
|  clk_IBUF_BUFG       | uu3/F_reg[1]_rep__0_2     | uu3/uu1/rst_n    |                9 |             29 |         3.22 |
|  clk_IBUF_BUFG       | uu3/F_reg[0]_rep__0_4[0]  | uu3/uu1/rst_n    |               15 |             29 |         1.93 |
|  clk_IBUF_BUFG       | uu3/F_reg[0]_rep__0_7[0]  | uu3/uu1/rst_n    |                7 |             29 |         4.14 |
|  clk_IBUF_BUFG       | uu3/F_reg[1]_rep_2[0]     | uu3/uu1/rst_n    |                9 |             29 |         3.22 |
|  clk_IBUF_BUFG       | uu3/F_reg[0]_rep__0_11[0] | uu3/uu1/rst_n    |                7 |             29 |         4.14 |
|  clk_IBUF_BUFG       | uu3/E[0]                  | uu3/uu1/rst_n    |               15 |             29 |         1.93 |
|  clk_IBUF_BUFG       | uu3/F_reg[2]_rep_0        | uu3/uu1/rst_n    |                9 |             30 |         3.33 |
|  clk_IBUF_BUFG       | uu3/F_reg[2]_rep_1        | uu3/uu1/rst_n    |                9 |             30 |         3.33 |
|  clk_IBUF_BUFG       | uu3/F_reg[0]_rep__0_3     | uu3/uu1/rst_n    |                9 |             30 |         3.33 |
|  clk_IBUF_BUFG       | uu3/F_reg[0]_rep__0_1     | uu3/uu1/rst_n    |                8 |             30 |         3.75 |
|  clk_IBUF_BUFG       | uu3/F_reg[0]_rep__0_2     | uu3/uu1/rst_n    |               11 |             30 |         2.73 |
|  clk_IBUF_BUFG       | uu3/F_reg[1]_rep__0_1     | uu3/uu1/rst_n    |                9 |             30 |         3.33 |
|  clk_IBUF_BUFG       | uu3/F_reg[0]_rep__0_13[0] | uu3/uu1/rst_n    |                5 |             30 |         6.00 |
|  clk_IBUF_BUFG       | uu3/F_reg[0]_rep__0_5[0]  | uu3/uu1/rst_n    |                7 |             30 |         4.29 |
| ~clk_IBUF_BUFG       | uu6/IR_Write              | uu3/uu1/rst_n    |                8 |             30 |         3.75 |
|  clk_IBUF_BUFG       | uu3/F_reg[0]_rep__0_12[0] | uu3/uu1/rst_n    |                5 |             30 |         6.00 |
|  clk_IBUF_BUFG       | uu3/F_reg[1]_rep_1[0]     | uu3/uu1/rst_n    |               10 |             30 |         3.00 |
|  clk_IBUF_BUFG       | uu3/F_reg[1]_rep_3[0]     | uu3/uu1/rst_n    |               10 |             30 |         3.00 |
|  clk_IBUF_BUFG       | uu3/F_reg[1]_rep__0_0     | uu3/uu1/rst_n    |                6 |             30 |         5.00 |
| ~clk_IBUF_BUFG       | uu2/uu1/IR_reg[7]_4[0]    | uu3/uu1/rst_n    |               11 |             31 |         2.82 |
|  clk_IBUF_BUFG       | uu3/F_reg[3]_0            | uu3/uu1/rst_n    |               12 |             31 |         2.58 |
|  clk_IBUF_BUFG       | uu3/Mem_Write_reg_rep_1   | uu3/uu1/rst_n    |               13 |             31 |         2.38 |
|  clk_IBUF_BUFG       | uu3/F_reg[0]_rep__0_0     | uu3/uu1/rst_n    |               11 |             31 |         2.82 |
|  clk_IBUF_BUFG       | uu3/F_reg[0]_rep__1_2     | uu3/uu1/rst_n    |                7 |             31 |         4.43 |
|  clk_IBUF_BUFG       | uu3/F_reg[0]_rep__2_0     | uu3/uu1/rst_n    |                8 |             31 |         3.88 |
|  clk_IBUF_BUFG       | uu3/F_reg[1]_rep__0_4[0]  | uu3/uu1/rst_n    |                9 |             31 |         3.44 |
|  clk_IBUF_BUFG       | uu3/F_reg[2]_1[0]         | uu3/uu1/rst_n    |               12 |             31 |         2.58 |
|  clk_IBUF_BUFG       | uu3/F_reg[1]_rep_0        | uu3/uu1/rst_n    |                4 |             31 |         7.75 |
| ~clk_IBUF_BUFG       | uu2/uu1/IR_reg[11]_0[0]   | uu3/uu1/rst_n    |                8 |             32 |         4.00 |
| ~clk_IBUF_BUFG       | uu2/uu1/IR_reg[10]_2[0]   | uu3/uu1/rst_n    |               17 |             32 |         1.88 |
| ~clk_IBUF_BUFG       | uu2/uu1/IR_reg[10]_0[0]   | uu3/uu1/rst_n    |               15 |             32 |         2.13 |
| ~clk_IBUF_BUFG       | uu2/uu1/E[0]              | uu3/uu1/rst_n    |               10 |             32 |         3.20 |
| ~clk_IBUF_BUFG       | uu2/uu1/IR_reg[11]_6[0]   | uu3/uu1/rst_n    |               15 |             32 |         2.13 |
| ~clk_IBUF_BUFG       | uu2/uu1/IR_reg[10]_3[0]   | uu3/uu1/rst_n    |               16 |             32 |         2.00 |
| ~clk_IBUF_BUFG       | uu2/uu1/IR_reg[7]_5[0]    | uu3/uu1/rst_n    |                9 |             32 |         3.56 |
| ~clk_IBUF_BUFG       | uu2/uu1/IR_reg[11]_5[0]   | uu3/uu1/rst_n    |               13 |             32 |         2.46 |
| ~clk_IBUF_BUFG       | uu2/uu1/IR_reg[7]_7[0]    | uu3/uu1/rst_n    |               15 |             32 |         2.13 |
| ~clk_IBUF_BUFG       | uu2/uu1/IR_reg[7]_3[0]    | uu3/uu1/rst_n    |               11 |             32 |         2.91 |
| ~clk_IBUF_BUFG       | uu2/uu1/IR_reg[11]_7[0]   | uu3/uu1/rst_n    |                9 |             32 |         3.56 |
| ~clk_IBUF_BUFG       | uu2/uu1/IR_reg[10]_4[0]   | uu3/uu1/rst_n    |               12 |             32 |         2.67 |
| ~clk_IBUF_BUFG       | uu2/uu1/IR_reg[11]_3[0]   | uu3/uu1/rst_n    |               16 |             32 |         2.00 |
| ~clk_IBUF_BUFG       | uu2/uu1/IR_reg[11]_2[0]   | uu3/uu1/rst_n    |               10 |             32 |         3.20 |
| ~clk_IBUF_BUFG       | uu2/uu1/IR_reg[7]_2[0]    | uu3/uu1/rst_n    |               13 |             32 |         2.46 |
| ~clk_IBUF_BUFG       | uu2/uu1/IR_reg[7]_1[0]    | uu3/uu1/rst_n    |               12 |             32 |         2.67 |
| ~clk_IBUF_BUFG       | uu2/uu1/IR_reg[11]_4[0]   | uu3/uu1/rst_n    |               17 |             32 |         1.88 |
| ~clk_IBUF_BUFG       | uu2/uu1/IR_reg[7]_6[0]    | uu3/uu1/rst_n    |               17 |             32 |         1.88 |
| ~clk_IBUF_BUFG       | uu2/uu1/IR_reg[8]_4[0]    | uu3/uu1/rst_n    |               17 |             32 |         1.88 |
| ~clk_IBUF_BUFG       | uu2/uu1/IR_reg[9]_5[0]    | uu3/uu1/rst_n    |               11 |             32 |         2.91 |
| ~clk_IBUF_BUFG       | uu2/uu1/IR_reg[9]_8[0]    | uu3/uu1/rst_n    |               10 |             32 |         3.20 |
| ~clk_IBUF_BUFG       | uu2/uu1/IR_reg[9]_9[0]    | uu3/uu1/rst_n    |                9 |             32 |         3.56 |
| ~clk_IBUF_BUFG       | uu2/uu1/IR_reg[9]_7[0]    | uu3/uu1/rst_n    |               10 |             32 |         3.20 |
| ~clk_IBUF_BUFG       | uu2/uu1/IR_reg[9]_4[0]    | uu3/uu1/rst_n    |               15 |             32 |         2.13 |
| ~clk_IBUF_BUFG       | uu2/uu1/IR_reg[9]_2[0]    | uu3/uu1/rst_n    |               12 |             32 |         2.67 |
| ~clk_IBUF_BUFG       | uu2/uu1/IR_reg[9]_1[0]    | uu3/uu1/rst_n    |               17 |             32 |         1.88 |
| ~clk_IBUF_BUFG       | uu2/uu1/IR_reg[9]_3[0]    | uu3/uu1/rst_n    |               12 |             32 |         2.67 |
| ~clk_IBUF_BUFG       | uu2/uu1/IR_reg[9]_6[0]    | uu3/uu1/rst_n    |               14 |             32 |         2.29 |
| ~clk_IBUF_BUFG       | uu2/uu1/IR_reg[8]_3[0]    | uu3/uu1/rst_n    |               12 |             32 |         2.67 |
| ~clk_IBUF_BUFG       | uu2/uu1/IR_reg[8]_2[0]    | uu3/uu1/rst_n    |               11 |             32 |         2.91 |
| ~clk_IBUF_BUFG       | uu2/uu1/IR_reg[9]_0[0]    | uu3/uu1/rst_n    |               14 |             32 |         2.29 |
|  clk_IBUF_BUFG       | uu3/F_reg[0]_rep__0_14    | uu3/uu1/rst_n    |               14 |             32 |         2.29 |
|  clk_IBUF_BUFG       | uu3/F_reg[2]_2[0]         | uu3/uu1/rst_n    |                7 |             32 |         4.57 |
|  n_0_1864_BUFG       |                           |                  |               18 |             32 |         1.78 |
| ~clk_IBUF_BUFG       | uu6/IR_Write              |                  |               10 |             34 |         3.40 |
|  clk_IBUF_BUFG       |                           |                  |               20 |             64 |         3.20 |
| ~clk_IBUF_BUFG       |                           |                  |               61 |            141 |         2.31 |
+----------------------+---------------------------+------------------+------------------+----------------+--------------+


