INFO: [VRFC 10-2263] Analyzing Verilog file "D:/FPGA/Memory5/Memory.ip_user_files/ipstatic/simulation/blk_mem_gen_v8_4.v" into library blk_mem_gen_v8_4_2
INFO: [VRFC 10-311] analyzing module STATE_LOGIC_v8_4
INFO: [VRFC 10-311] analyzing module beh_vlog_muxf7_v8_4
INFO: [VRFC 10-311] analyzing module beh_vlog_ff_clr_v8_4
INFO: [VRFC 10-311] analyzing module beh_vlog_ff_pre_v8_4
INFO: [VRFC 10-311] analyzing module beh_vlog_ff_ce_clr_v8_4
INFO: [VRFC 10-311] analyzing module write_netlist_v8_4
INFO: [VRFC 10-311] analyzing module read_netlist_v8_4
INFO: [VRFC 10-311] analyzing module blk_mem_axi_write_wrapper_beh_v8_4
INFO: [VRFC 10-311] analyzing module blk_mem_axi_read_wrapper_beh_v8_4
INFO: [VRFC 10-311] analyzing module blk_mem_axi_regs_fwd_v8_4
INFO: [VRFC 10-311] analyzing module blk_mem_gen_v8_4_2_output_stage
INFO: [VRFC 10-311] analyzing module blk_mem_gen_v8_4_2_softecc_output_reg_stage
INFO: [VRFC 10-311] analyzing module blk_mem_gen_v8_4_2_mem_module
INFO: [VRFC 10-311] analyzing module blk_mem_gen_v8_4_2
INFO: [VRFC 10-2263] Analyzing Verilog file "D:/FPGA/Memory5/Memory.gen/sources_1/ip/RAM_B/sim/RAM_B.v" into library xil_defaultlib
INFO: [VRFC 10-311] analyzing module RAM_B
INFO: [VRFC 10-2263] Analyzing Verilog file "D:/FPGA/Memory5/Memory.srcs/sources_1/new/top2.v" into library xil_defaultlib
INFO: [VRFC 10-311] analyzing module top2
INFO: [VRFC 10-2263] Analyzing Verilog file "D:/FPGA/Memory5/Memory.srcs/sim_1/new/top_test2.v" into library xil_defaultlib
INFO: [VRFC 10-311] analyzing module tb_top
INFO: [VRFC 10-2263] Analyzing Verilog file "D:/FPGA/Memory5/Memory.sim/sim_1/behav/xsim/glbl.v" into library xil_defaultlib
INFO: [VRFC 10-311] analyzing module glbl
