
*** Running vivado
    with args -log ALU.vds -m64 -product Vivado -mode batch -messageDb vivado.pb -notrace -source ALU.tcl


ECHO 处于关闭状态。
ECHO 处于关闭状态。

****** Vivado v2023.1 (64-bit)
  **** SW Build 3865809 on Sun May  7 15:05:29 MDT 2023
  **** IP Build 3864474 on Sun May  7 20:36:21 MDT 2023
  **** SharedData Build 3865790 on Sun May 07 13:33:03 MDT 2023
    ** Copyright 1986-2022 Xilinx, Inc. All Rights Reserved.
    ** Copyright 2022-2023 Advanced Micro Devices, Inc. All Rights Reserved.

source ALU.tcl -notrace
create_project: Time (s): cpu = 00:00:09 ; elapsed = 00:00:11 . Memory (MB): peak = 434.742 ; gain = 164.027
Command: read_checkpoint -auto_incremental -incremental D:/FPGA/ALU_new/ALU_new.srcs/utils_1/imports/synth_1/ALU.dcp
INFO: [Vivado 12-5825] Read reference checkpoint from D:/FPGA/ALU_new/ALU_new.srcs/utils_1/imports/synth_1/ALU.dcp for incremental synthesis
INFO: [Vivado 12-7989] Please ensure there are no constraint changes
Command: synth_design -top ALU -part xc7a100tfgg484-2L
Starting synth_design
Attempting to get a license for feature 'Synthesis' and/or device 'xc7a100t'
INFO: [Common 17-349] Got license for feature 'Synthesis' and/or device 'xc7a100t'
INFO: [Device 21-403] Loading part xc7a100tfgg484-2L
INFO: [Designutils 20-5440] No compile time benefit to using incremental synthesis; A full resynthesis will be run
INFO: [Designutils 20-4379] Flow is switching to default flow due to incremental criteria not met. If you would like to alter this behaviour and have the flow terminate instead, please set the following parameter config_implementation {autoIncr.Synth.RejectBehavior Terminate}
INFO: [Synth 8-7079] Multithreading enabled for synth_design using a maximum of 2 processes.
INFO: [Synth 8-7078] Launching helper process for spawning children vivado processes
INFO: [Synth 8-7075] Helper process launched with PID 1404
---------------------------------------------------------------------------------
Starting RTL Elaboration : Time (s): cpu = 00:00:07 ; elapsed = 00:00:08 . Memory (MB): peak = 1270.605 ; gain = 412.117
---------------------------------------------------------------------------------
INFO: [Synth 8-6157] synthesizing module 'ALU' [D:/FPGA/ALU_new/ALU_new.srcs/sources_1/new/ALU.v:1]
INFO: [Synth 8-6157] synthesizing module 'shumaguan' [D:/FPGA/ALU_new/ALU_new.srcs/sources_1/new/shumaguan.v:1]
INFO: [Synth 8-6157] synthesizing module 'delay_5ms' [D:/FPGA/ALU_new/ALU_new.srcs/sources_1/new/delay_5ms.v:1]
INFO: [Synth 8-6155] done synthesizing module 'delay_5ms' (0#1) [D:/FPGA/ALU_new/ALU_new.srcs/sources_1/new/delay_5ms.v:1]
INFO: [Synth 8-226] default block is never used [D:/FPGA/ALU_new/ALU_new.srcs/sources_1/new/shumaguan.v:15]
INFO: [Synth 8-6157] synthesizing module 'SMG' [D:/FPGA/ALU_new/ALU_new.srcs/sources_1/new/SMG.v:1]
INFO: [Synth 8-226] default block is never used [D:/FPGA/ALU_new/ALU_new.srcs/sources_1/new/SMG.v:9]
INFO: [Synth 8-226] default block is never used [D:/FPGA/ALU_new/ALU_new.srcs/sources_1/new/SMG.v:23]
INFO: [Synth 8-6155] done synthesizing module 'SMG' (0#1) [D:/FPGA/ALU_new/ALU_new.srcs/sources_1/new/SMG.v:1]
INFO: [Synth 8-6155] done synthesizing module 'shumaguan' (0#1) [D:/FPGA/ALU_new/ALU_new.srcs/sources_1/new/shumaguan.v:1]
INFO: [Synth 8-155] case statement is not full and has no default [D:/FPGA/ALU_new/ALU_new.srcs/sources_1/new/ALU.v:42]
INFO: [Synth 8-6155] done synthesizing module 'ALU' (0#1) [D:/FPGA/ALU_new/ALU_new.srcs/sources_1/new/ALU.v:1]
WARNING: [Synth 8-6014] Unused sequential element ALU_OP_reg was removed.  [D:/FPGA/ALU_new/ALU_new.srcs/sources_1/new/ALU.v:39]
WARNING: [Synth 8-6014] Unused sequential element OF_reg was removed.  [D:/FPGA/ALU_new/ALU_new.srcs/sources_1/new/ALU.v:40]
WARNING: [Synth 8-6014] Unused sequential element CF_reg was removed.  [D:/FPGA/ALU_new/ALU_new.srcs/sources_1/new/ALU.v:41]
WARNING: [Synth 8-6014] Unused sequential element ZF_reg was removed.  [D:/FPGA/ALU_new/ALU_new.srcs/sources_1/new/ALU.v:54]
WARNING: [Synth 8-6014] Unused sequential element SF_reg was removed.  [D:/FPGA/ALU_new/ALU_new.srcs/sources_1/new/ALU.v:55]
WARNING: [Synth 8-7137] Register FR_reg in module ALU has both Set and reset with same priority. This may cause simulation mismatches. Consider rewriting code  [D:/FPGA/ALU_new/ALU_new.srcs/sources_1/new/ALU.v:58]
---------------------------------------------------------------------------------
Finished RTL Elaboration : Time (s): cpu = 00:00:09 ; elapsed = 00:00:11 . Memory (MB): peak = 1360.734 ; gain = 502.246
---------------------------------------------------------------------------------
---------------------------------------------------------------------------------
Start Handling Custom Attributes
---------------------------------------------------------------------------------
---------------------------------------------------------------------------------
Finished Handling Custom Attributes : Time (s): cpu = 00:00:09 ; elapsed = 00:00:11 . Memory (MB): peak = 1360.734 ; gain = 502.246
---------------------------------------------------------------------------------
---------------------------------------------------------------------------------
Finished RTL Optimization Phase 1 : Time (s): cpu = 00:00:09 ; elapsed = 00:00:11 . Memory (MB): peak = 1360.734 ; gain = 502.246
---------------------------------------------------------------------------------
Netlist sorting complete. Time (s): cpu = 00:00:00 ; elapsed = 00:00:00.007 . Memory (MB): peak = 1360.734 ; gain = 0.000
INFO: [Project 1-570] Preparing netlist for logic optimization

Processing XDC Constraints
Initializing timing engine
Parsing XDC File [D:/FPGA/ALU_new/ALU_new.srcs/constrs_1/new/ALU.xdc]
WARNING: [Vivado 12-507] No nets matched 'clk_A_IBUF'. [D:/FPGA/ALU_new/ALU_new.srcs/constrs_1/new/ALU.xdc:92]
CRITICAL WARNING: [Common 17-55] 'set_property' expects at least one object. [D:/FPGA/ALU_new/ALU_new.srcs/constrs_1/new/ALU.xdc:92]
Resolution: If [get_<value>] was used to populate the object, check to make sure this command returns at least one valid object.
WARNING: [Vivado 12-507] No nets matched 'clk_B_IBUF'. [D:/FPGA/ALU_new/ALU_new.srcs/constrs_1/new/ALU.xdc:93]
CRITICAL WARNING: [Common 17-55] 'set_property' expects at least one object. [D:/FPGA/ALU_new/ALU_new.srcs/constrs_1/new/ALU.xdc:93]
Resolution: If [get_<value>] was used to populate the object, check to make sure this command returns at least one valid object.
CRITICAL WARNING: [Netlist 29-69] Cannot set property 'CLOCK_DEDICATED_ROUTE', because the property does not exist for objects of type 'port'. [D:/FPGA/ALU_new/ALU_new.srcs/constrs_1/new/ALU.xdc:94]
Resolution: Modify .xdc or RTL to not set this property or move it to one of the following object types that can accept this property: pin,net
Finished Parsing XDC File [D:/FPGA/ALU_new/ALU_new.srcs/constrs_1/new/ALU.xdc]
INFO: [Project 1-236] Implementation specific constraints were found while reading constraint file [D:/FPGA/ALU_new/ALU_new.srcs/constrs_1/new/ALU.xdc]. These constraints will be ignored for synthesis but will be used in implementation. Impacted constraints are listed in the file [.Xil/ALU_propImpl.xdc].
Resolution: To avoid this warning, move constraints listed in [.Xil/ALU_propImpl.xdc] to another XDC file and exclude this new file from synthesis with the used_in_synthesis property (File Properties dialog in GUI) and re-run elaboration/synthesis.
Completed Processing XDC Constraints

Netlist sorting complete. Time (s): cpu = 00:00:00 ; elapsed = 00:00:00 . Memory (MB): peak = 1391.484 ; gain = 0.000
INFO: [Project 1-111] Unisim Transformation Summary:
No Unisim elements were transformed.

Constraint Validation Runtime : Time (s): cpu = 00:00:00 ; elapsed = 00:00:00.005 . Memory (MB): peak = 1391.484 ; gain = 0.000
INFO: [Designutils 20-5440] No compile time benefit to using incremental synthesis; A full resynthesis will be run
INFO: [Designutils 20-4379] Flow is switching to default flow due to incremental criteria not met. If you would like to alter this behaviour and have the flow terminate instead, please set the following parameter config_implementation {autoIncr.Synth.RejectBehavior Terminate}
---------------------------------------------------------------------------------
Finished Constraint Validation : Time (s): cpu = 00:00:20 ; elapsed = 00:00:22 . Memory (MB): peak = 1391.484 ; gain = 532.996
---------------------------------------------------------------------------------
---------------------------------------------------------------------------------
Start Loading Part and Timing Information
---------------------------------------------------------------------------------
Loading part: xc7a100tfgg484-2L
---------------------------------------------------------------------------------
Finished Loading Part and Timing Information : Time (s): cpu = 00:00:20 ; elapsed = 00:00:22 . Memory (MB): peak = 1391.484 ; gain = 532.996
---------------------------------------------------------------------------------
---------------------------------------------------------------------------------
Start Applying 'set_property' XDC Constraints
---------------------------------------------------------------------------------
---------------------------------------------------------------------------------
Finished applying 'set_property' XDC Constraints : Time (s): cpu = 00:00:20 ; elapsed = 00:00:22 . Memory (MB): peak = 1391.484 ; gain = 532.996
---------------------------------------------------------------------------------
---------------------------------------------------------------------------------
Finished RTL Optimization Phase 2 : Time (s): cpu = 00:00:21 ; elapsed = 00:00:23 . Memory (MB): peak = 1391.484 ; gain = 532.996
---------------------------------------------------------------------------------
---------------------------------------------------------------------------------
Start RTL Component Statistics 
---------------------------------------------------------------------------------
Detailed RTL Component Info : 
+---Adders : 
	   2 Input   33 Bit       Adders := 1     
	   3 Input   33 Bit       Adders := 1     
	   2 Input    3 Bit       Adders := 1     
+---XORs : 
	   2 Input     32 Bit         XORs := 1     
	   4 Input      1 Bit         XORs := 1     
+---Registers : 
	               32 Bit    Registers := 3     
	                4 Bit    Registers := 1     
	                3 Bit    Registers := 1     
+---Muxes : 
	  11 Input    1 Bit        Muxes := 1     
---------------------------------------------------------------------------------
Finished RTL Component Statistics 
---------------------------------------------------------------------------------
---------------------------------------------------------------------------------
Start Part Resource Summary
---------------------------------------------------------------------------------
Part Resources:
DSPs: 240 (col length:80)
BRAMs: 270 (col length: RAMB18 80 RAMB36 40)
---------------------------------------------------------------------------------
Finished Part Resource Summary
---------------------------------------------------------------------------------
---------------------------------------------------------------------------------
Start Cross Boundary and Area Optimization
---------------------------------------------------------------------------------
WARNING: [Synth 8-7080] Parallel synthesis criteria is not met
---------------------------------------------------------------------------------
Finished Cross Boundary and Area Optimization : Time (s): cpu = 00:00:29 ; elapsed = 00:00:31 . Memory (MB): peak = 1391.484 ; gain = 532.996
---------------------------------------------------------------------------------
---------------------------------------------------------------------------------
Start Applying XDC Timing Constraints
---------------------------------------------------------------------------------
---------------------------------------------------------------------------------
Finished Applying XDC Timing Constraints : Time (s): cpu = 00:00:36 ; elapsed = 00:00:39 . Memory (MB): peak = 1391.484 ; gain = 532.996
---------------------------------------------------------------------------------
---------------------------------------------------------------------------------
Start Timing Optimization
---------------------------------------------------------------------------------
---------------------------------------------------------------------------------
Finished Timing Optimization : Time (s): cpu = 00:00:36 ; elapsed = 00:00:39 . Memory (MB): peak = 1391.484 ; gain = 532.996
---------------------------------------------------------------------------------
---------------------------------------------------------------------------------
Start Technology Mapping
---------------------------------------------------------------------------------
---------------------------------------------------------------------------------
Finished Technology Mapping : Time (s): cpu = 00:00:36 ; elapsed = 00:00:39 . Memory (MB): peak = 1391.484 ; gain = 532.996
---------------------------------------------------------------------------------
---------------------------------------------------------------------------------
Start IO Insertion
---------------------------------------------------------------------------------
---------------------------------------------------------------------------------
Start Flattening Before IO Insertion
---------------------------------------------------------------------------------
---------------------------------------------------------------------------------
Finished Flattening Before IO Insertion
---------------------------------------------------------------------------------
---------------------------------------------------------------------------------
Start Final Netlist Cleanup
---------------------------------------------------------------------------------
---------------------------------------------------------------------------------
Finished Final Netlist Cleanup
---------------------------------------------------------------------------------
---------------------------------------------------------------------------------
Finished IO Insertion : Time (s): cpu = 00:00:43 ; elapsed = 00:00:46 . Memory (MB): peak = 1391.484 ; gain = 532.996
---------------------------------------------------------------------------------
---------------------------------------------------------------------------------
Start Renaming Generated Instances
---------------------------------------------------------------------------------
---------------------------------------------------------------------------------
Finished Renaming Generated Instances : Time (s): cpu = 00:00:43 ; elapsed = 00:00:46 . Memory (MB): peak = 1391.484 ; gain = 532.996
---------------------------------------------------------------------------------
---------------------------------------------------------------------------------
Start Rebuilding User Hierarchy
---------------------------------------------------------------------------------
---------------------------------------------------------------------------------
Finished Rebuilding User Hierarchy : Time (s): cpu = 00:00:43 ; elapsed = 00:00:46 . Memory (MB): peak = 1391.484 ; gain = 532.996
---------------------------------------------------------------------------------
---------------------------------------------------------------------------------
Start Renaming Generated Ports
---------------------------------------------------------------------------------
---------------------------------------------------------------------------------
Finished Renaming Generated Ports : Time (s): cpu = 00:00:43 ; elapsed = 00:00:46 . Memory (MB): peak = 1391.484 ; gain = 532.996
---------------------------------------------------------------------------------
---------------------------------------------------------------------------------
Start Handling Custom Attributes
---------------------------------------------------------------------------------
---------------------------------------------------------------------------------
Finished Handling Custom Attributes : Time (s): cpu = 00:00:43 ; elapsed = 00:00:46 . Memory (MB): peak = 1391.484 ; gain = 532.996
---------------------------------------------------------------------------------
---------------------------------------------------------------------------------
Start Renaming Generated Nets
---------------------------------------------------------------------------------
---------------------------------------------------------------------------------
Finished Renaming Generated Nets : Time (s): cpu = 00:00:43 ; elapsed = 00:00:46 . Memory (MB): peak = 1391.484 ; gain = 532.996
---------------------------------------------------------------------------------
---------------------------------------------------------------------------------
Start Writing Synthesis Report
---------------------------------------------------------------------------------

Report BlackBoxes: 
+-+--------------+----------+
| |BlackBox name |Instances |
+-+--------------+----------+
+-+--------------+----------+

Report Cell Usage: 
+------+-------+------+
|      |Cell   |Count |
+------+-------+------+
|1     |BUFG   |     4|
|2     |CARRY4 |    32|
|3     |LUT1   |     2|
|4     |LUT2   |   109|
|5     |LUT3   |    72|
|6     |LUT4   |   139|
|7     |LUT5   |    93|
|8     |LUT6   |   247|
|9     |MUXF7  |    43|
|10    |FDCE   |    96|
|11    |FDRE   |    23|
|12    |IBUF   |    37|
|13    |OBUF   |    16|
+------+-------+------+
---------------------------------------------------------------------------------
Finished Writing Synthesis Report : Time (s): cpu = 00:00:43 ; elapsed = 00:00:46 . Memory (MB): peak = 1391.484 ; gain = 532.996
---------------------------------------------------------------------------------
Synthesis finished with 0 errors, 0 critical warnings and 1 warnings.
Synthesis Optimization Runtime : Time (s): cpu = 00:00:31 ; elapsed = 00:00:43 . Memory (MB): peak = 1391.484 ; gain = 502.246
Synthesis Optimization Complete : Time (s): cpu = 00:00:43 ; elapsed = 00:00:46 . Memory (MB): peak = 1391.484 ; gain = 532.996
INFO: [Project 1-571] Translating synthesized netlist
Netlist sorting complete. Time (s): cpu = 00:00:00 ; elapsed = 00:00:00.009 . Memory (MB): peak = 1399.426 ; gain = 0.000
INFO: [Netlist 29-17] Analyzing 75 Unisim elements for replacement
INFO: [Netlist 29-28] Unisim Transformation completed in 0 CPU seconds
INFO: [Project 1-570] Preparing netlist for logic optimization
INFO: [Opt 31-138] Pushed 0 inverter(s) to 0 load pin(s).
Netlist sorting complete. Time (s): cpu = 00:00:00 ; elapsed = 00:00:00 . Memory (MB): peak = 1407.102 ; gain = 0.000
INFO: [Project 1-111] Unisim Transformation Summary:
No Unisim elements were transformed.

Synth Design complete | Checksum: f0269281
INFO: [Common 17-83] Releasing license: Synthesis
33 Infos, 9 Warnings, 3 Critical Warnings and 0 Errors encountered.
synth_design completed successfully
synth_design: Time (s): cpu = 00:00:50 ; elapsed = 00:00:54 . Memory (MB): peak = 1407.102 ; gain = 947.473
INFO: [runtcl-6] Synthesis results are not added to the cache due to CRITICAL_WARNING
INFO: [Common 17-1381] The checkpoint 'D:/FPGA/ALU_new/ALU_new.runs/synth_1/ALU.dcp' has been generated.
INFO: [runtcl-4] Executing : report_utilization -file ALU_utilization_synth.rpt -pb ALU_utilization_synth.pb
INFO: [Common 17-206] Exiting Vivado at Fri May 16 21:24:09 2025...
