
*** Running vivado
    with args -log Fetch_Code.vds -m64 -product Vivado -mode batch -messageDb vivado.pb -notrace -source Fetch_Code.tcl


ECHO 处于关闭状态。
ECHO 处于关闭状态。

****** Vivado v2023.1 (64-bit)
  **** SW Build 3865809 on Sun May  7 15:05:29 MDT 2023
  **** IP Build 3864474 on Sun May  7 20:36:21 MDT 2023
  **** SharedData Build 3865790 on Sun May 07 13:33:03 MDT 2023
    ** Copyright 1986-2022 Xilinx, Inc. All Rights Reserved.
    ** Copyright 2022-2023 Advanced Micro Devices, Inc. All Rights Reserved.

source Fetch_Code.tcl -notrace
create_project: Time (s): cpu = 00:00:09 ; elapsed = 00:00:10 . Memory (MB): peak = 435.047 ; gain = 161.621
Command: read_checkpoint -auto_incremental -incremental D:/FPGA/Fetch_Code/Fetch_Code.srcs/utils_1/imports/synth_1/Fetch_Code.dcp
INFO: [Vivado 12-5825] Read reference checkpoint from D:/FPGA/Fetch_Code/Fetch_Code.srcs/utils_1/imports/synth_1/Fetch_Code.dcp for incremental synthesis
INFO: [Vivado 12-7989] Please ensure there are no constraint changes
Command: synth_design -top Fetch_Code -part xc7a100tfgg484-2L
Starting synth_design
Attempting to get a license for feature 'Synthesis' and/or device 'xc7a100t'
INFO: [Common 17-349] Got license for feature 'Synthesis' and/or device 'xc7a100t'
INFO: [Device 21-403] Loading part xc7a100tfgg484-2L
INFO: [Designutils 20-5440] No compile time benefit to using incremental synthesis; A full resynthesis will be run
INFO: [Designutils 20-4379] Flow is switching to default flow due to incremental criteria not met. If you would like to alter this behaviour and have the flow terminate instead, please set the following parameter config_implementation {autoIncr.Synth.RejectBehavior Terminate}
INFO: [Synth 8-7079] Multithreading enabled for synth_design using a maximum of 2 processes.
INFO: [Synth 8-7078] Launching helper process for spawning children vivado processes
INFO: [Synth 8-7075] Helper process launched with PID 1448
---------------------------------------------------------------------------------
Starting RTL Elaboration : Time (s): cpu = 00:00:07 ; elapsed = 00:00:07 . Memory (MB): peak = 1277.266 ; gain = 411.508
---------------------------------------------------------------------------------
INFO: [Synth 8-6157] synthesizing module 'Fetch_Code' [D:/FPGA/Fetch_Code/Fetch_Code.srcs/sources_1/new/Fetch_Code.v:1]
INFO: [Synth 8-6157] synthesizing module 'shumaguan' [D:/FPGA/Fetch_Code/Fetch_Code.srcs/sources_1/new/shumaguan.v:1]
INFO: [Synth 8-6157] synthesizing module 'delay_5ms' [D:/FPGA/Fetch_Code/Fetch_Code.srcs/sources_1/new/delay_5ms.v:1]
INFO: [Synth 8-6155] done synthesizing module 'delay_5ms' (0#1) [D:/FPGA/Fetch_Code/Fetch_Code.srcs/sources_1/new/delay_5ms.v:1]
INFO: [Synth 8-226] default block is never used [D:/FPGA/Fetch_Code/Fetch_Code.srcs/sources_1/new/shumaguan.v:15]
INFO: [Synth 8-6157] synthesizing module 'SMG' [D:/FPGA/Fetch_Code/Fetch_Code.srcs/sources_1/new/SMG.v:1]
INFO: [Synth 8-226] default block is never used [D:/FPGA/Fetch_Code/Fetch_Code.srcs/sources_1/new/SMG.v:9]
INFO: [Synth 8-226] default block is never used [D:/FPGA/Fetch_Code/Fetch_Code.srcs/sources_1/new/SMG.v:23]
INFO: [Synth 8-6155] done synthesizing module 'SMG' (0#1) [D:/FPGA/Fetch_Code/Fetch_Code.srcs/sources_1/new/SMG.v:1]
INFO: [Synth 8-6155] done synthesizing module 'shumaguan' (0#1) [D:/FPGA/Fetch_Code/Fetch_Code.srcs/sources_1/new/shumaguan.v:1]
INFO: [Synth 8-6157] synthesizing module 'IF' [D:/FPGA/Fetch_Code/Fetch_Code.srcs/sources_1/new/IF.v:1]
INFO: [Synth 8-6157] synthesizing module 'IM' [D:/FPGA/Fetch_Code/Fetch_Code.runs/synth_1/.Xil/Vivado-26464-DESKTOP-1C6V4N9/realtime/IM_stub.v:6]
INFO: [Synth 8-6155] done synthesizing module 'IM' (0#1) [D:/FPGA/Fetch_Code/Fetch_Code.runs/synth_1/.Xil/Vivado-26464-DESKTOP-1C6V4N9/realtime/IM_stub.v:6]
INFO: [Synth 8-6155] done synthesizing module 'IF' (0#1) [D:/FPGA/Fetch_Code/Fetch_Code.srcs/sources_1/new/IF.v:1]
INFO: [Synth 8-6157] synthesizing module 'ID1' [D:/FPGA/Fetch_Code/Fetch_Code.srcs/sources_1/new/ID1.v:1]
INFO: [Synth 8-6155] done synthesizing module 'ID1' (0#1) [D:/FPGA/Fetch_Code/Fetch_Code.srcs/sources_1/new/ID1.v:1]
INFO: [Synth 8-6155] done synthesizing module 'Fetch_Code' (0#1) [D:/FPGA/Fetch_Code/Fetch_Code.srcs/sources_1/new/Fetch_Code.v:1]
---------------------------------------------------------------------------------
Finished RTL Elaboration : Time (s): cpu = 00:00:09 ; elapsed = 00:00:10 . Memory (MB): peak = 1369.809 ; gain = 504.051
---------------------------------------------------------------------------------
---------------------------------------------------------------------------------
Start Handling Custom Attributes
---------------------------------------------------------------------------------
---------------------------------------------------------------------------------
Finished Handling Custom Attributes : Time (s): cpu = 00:00:09 ; elapsed = 00:00:10 . Memory (MB): peak = 1369.809 ; gain = 504.051
---------------------------------------------------------------------------------
---------------------------------------------------------------------------------
Finished RTL Optimization Phase 1 : Time (s): cpu = 00:00:09 ; elapsed = 00:00:10 . Memory (MB): peak = 1369.809 ; gain = 504.051
---------------------------------------------------------------------------------
Netlist sorting complete. Time (s): cpu = 00:00:00 ; elapsed = 00:00:00.005 . Memory (MB): peak = 1369.809 ; gain = 0.000
INFO: [Project 1-570] Preparing netlist for logic optimization

Processing XDC Constraints
Initializing timing engine
Parsing XDC File [d:/FPGA/Fetch_Code/Fetch_Code.gen/sources_1/ip/IM/IM/IM_in_context.xdc] for cell 'uu2/uut'
Finished Parsing XDC File [d:/FPGA/Fetch_Code/Fetch_Code.gen/sources_1/ip/IM/IM/IM_in_context.xdc] for cell 'uu2/uut'
Parsing XDC File [D:/FPGA/Fetch_Code/Fetch_Code.srcs/constrs_1/new/Fetch_Code.xdc]
WARNING: [Vivado 12-507] No nets matched 'clk_im_IBUF'. [D:/FPGA/Fetch_Code/Fetch_Code.srcs/constrs_1/new/Fetch_Code.xdc:105]
WARNING: [Vivado 12-507] No nets matched 'Reset_IBUF'. [D:/FPGA/Fetch_Code/Fetch_Code.srcs/constrs_1/new/Fetch_Code.xdc:106]
Finished Parsing XDC File [D:/FPGA/Fetch_Code/Fetch_Code.srcs/constrs_1/new/Fetch_Code.xdc]
WARNING: [Project 1-498] One or more constraints failed evaluation while reading constraint file [D:/FPGA/Fetch_Code/Fetch_Code.srcs/constrs_1/new/Fetch_Code.xdc] and the design contains unresolved black boxes. These constraints will be read post-synthesis (as long as their source constraint file is marked as used_in_implementation) and should be applied correctly then. You should review the constraints listed in the file [.Xil/Fetch_Code_propImpl.xdc] and check the run log file to verify that these constraints were correctly applied.
INFO: [Project 1-236] Implementation specific constraints were found while reading constraint file [D:/FPGA/Fetch_Code/Fetch_Code.srcs/constrs_1/new/Fetch_Code.xdc]. These constraints will be ignored for synthesis but will be used in implementation. Impacted constraints are listed in the file [.Xil/Fetch_Code_propImpl.xdc].
Resolution: To avoid this warning, move constraints listed in [.Xil/Fetch_Code_propImpl.xdc] to another XDC file and exclude this new file from synthesis with the used_in_synthesis property (File Properties dialog in GUI) and re-run elaboration/synthesis.
Completed Processing XDC Constraints

Netlist sorting complete. Time (s): cpu = 00:00:00 ; elapsed = 00:00:00 . Memory (MB): peak = 1394.602 ; gain = 0.000
INFO: [Project 1-111] Unisim Transformation Summary:
No Unisim elements were transformed.

Constraint Validation Runtime : Time (s): cpu = 00:00:00 ; elapsed = 00:00:00.005 . Memory (MB): peak = 1394.602 ; gain = 0.000
INFO: [Designutils 20-5440] No compile time benefit to using incremental synthesis; A full resynthesis will be run
INFO: [Designutils 20-4379] Flow is switching to default flow due to incremental criteria not met. If you would like to alter this behaviour and have the flow terminate instead, please set the following parameter config_implementation {autoIncr.Synth.RejectBehavior Terminate}
---------------------------------------------------------------------------------
Finished Constraint Validation : Time (s): cpu = 00:00:19 ; elapsed = 00:00:20 . Memory (MB): peak = 1394.602 ; gain = 528.844
---------------------------------------------------------------------------------
---------------------------------------------------------------------------------
Start Loading Part and Timing Information
---------------------------------------------------------------------------------
Loading part: xc7a100tfgg484-2L
---------------------------------------------------------------------------------
Finished Loading Part and Timing Information : Time (s): cpu = 00:00:19 ; elapsed = 00:00:20 . Memory (MB): peak = 1394.602 ; gain = 528.844
---------------------------------------------------------------------------------
---------------------------------------------------------------------------------
Start Applying 'set_property' XDC Constraints
---------------------------------------------------------------------------------
Applied set_property KEEP_HIERARCHY = SOFT for uu2/uut. (constraint file  auto generated constraint).
---------------------------------------------------------------------------------
Finished applying 'set_property' XDC Constraints : Time (s): cpu = 00:00:19 ; elapsed = 00:00:20 . Memory (MB): peak = 1394.602 ; gain = 528.844
---------------------------------------------------------------------------------
---------------------------------------------------------------------------------
Finished RTL Optimization Phase 2 : Time (s): cpu = 00:00:19 ; elapsed = 00:00:21 . Memory (MB): peak = 1394.602 ; gain = 528.844
---------------------------------------------------------------------------------
---------------------------------------------------------------------------------
Start RTL Component Statistics 
---------------------------------------------------------------------------------
Detailed RTL Component Info : 
+---Adders : 
	   2 Input    3 Bit       Adders := 1     
+---Registers : 
	               32 Bit    Registers := 1     
	                3 Bit    Registers := 1     
+---Muxes : 
	   6 Input   32 Bit        Muxes := 1     
	   9 Input    3 Bit        Muxes := 1     
---------------------------------------------------------------------------------
Finished RTL Component Statistics 
---------------------------------------------------------------------------------
---------------------------------------------------------------------------------
Start Part Resource Summary
---------------------------------------------------------------------------------
Part Resources:
DSPs: 240 (col length:80)
BRAMs: 270 (col length: RAMB18 80 RAMB36 40)
---------------------------------------------------------------------------------
Finished Part Resource Summary
---------------------------------------------------------------------------------
---------------------------------------------------------------------------------
Start Cross Boundary and Area Optimization
---------------------------------------------------------------------------------
WARNING: [Synth 8-7080] Parallel synthesis criteria is not met
WARNING: [Synth 8-3917] design Fetch_Code has port AN[3] driven by constant 1
---------------------------------------------------------------------------------
Finished Cross Boundary and Area Optimization : Time (s): cpu = 00:00:22 ; elapsed = 00:00:24 . Memory (MB): peak = 1394.602 ; gain = 528.844
---------------------------------------------------------------------------------
---------------------------------------------------------------------------------
Start Applying XDC Timing Constraints
---------------------------------------------------------------------------------
---------------------------------------------------------------------------------
Finished Applying XDC Timing Constraints : Time (s): cpu = 00:00:30 ; elapsed = 00:00:31 . Memory (MB): peak = 1394.602 ; gain = 528.844
---------------------------------------------------------------------------------
---------------------------------------------------------------------------------
Start Timing Optimization
---------------------------------------------------------------------------------
---------------------------------------------------------------------------------
Finished Timing Optimization : Time (s): cpu = 00:00:30 ; elapsed = 00:00:31 . Memory (MB): peak = 1394.602 ; gain = 528.844
---------------------------------------------------------------------------------
---------------------------------------------------------------------------------
Start Technology Mapping
---------------------------------------------------------------------------------
---------------------------------------------------------------------------------
Finished Technology Mapping : Time (s): cpu = 00:00:30 ; elapsed = 00:00:31 . Memory (MB): peak = 1394.602 ; gain = 528.844
---------------------------------------------------------------------------------
---------------------------------------------------------------------------------
Start IO Insertion
---------------------------------------------------------------------------------
---------------------------------------------------------------------------------
Start Flattening Before IO Insertion
---------------------------------------------------------------------------------
---------------------------------------------------------------------------------
Finished Flattening Before IO Insertion
---------------------------------------------------------------------------------
---------------------------------------------------------------------------------
Start Final Netlist Cleanup
---------------------------------------------------------------------------------
---------------------------------------------------------------------------------
Finished Final Netlist Cleanup
---------------------------------------------------------------------------------
---------------------------------------------------------------------------------
Finished IO Insertion : Time (s): cpu = 00:00:36 ; elapsed = 00:00:38 . Memory (MB): peak = 1400.242 ; gain = 534.484
---------------------------------------------------------------------------------
---------------------------------------------------------------------------------
Start Renaming Generated Instances
---------------------------------------------------------------------------------
---------------------------------------------------------------------------------
Finished Renaming Generated Instances : Time (s): cpu = 00:00:36 ; elapsed = 00:00:38 . Memory (MB): peak = 1400.242 ; gain = 534.484
---------------------------------------------------------------------------------
---------------------------------------------------------------------------------
Start Rebuilding User Hierarchy
---------------------------------------------------------------------------------
---------------------------------------------------------------------------------
Finished Rebuilding User Hierarchy : Time (s): cpu = 00:00:36 ; elapsed = 00:00:38 . Memory (MB): peak = 1400.242 ; gain = 534.484
---------------------------------------------------------------------------------
---------------------------------------------------------------------------------
Start Renaming Generated Ports
---------------------------------------------------------------------------------
---------------------------------------------------------------------------------
Finished Renaming Generated Ports : Time (s): cpu = 00:00:36 ; elapsed = 00:00:38 . Memory (MB): peak = 1400.242 ; gain = 534.484
---------------------------------------------------------------------------------
---------------------------------------------------------------------------------
Start Handling Custom Attributes
---------------------------------------------------------------------------------
---------------------------------------------------------------------------------
Finished Handling Custom Attributes : Time (s): cpu = 00:00:36 ; elapsed = 00:00:38 . Memory (MB): peak = 1400.242 ; gain = 534.484
---------------------------------------------------------------------------------
---------------------------------------------------------------------------------
Start Renaming Generated Nets
---------------------------------------------------------------------------------
---------------------------------------------------------------------------------
Finished Renaming Generated Nets : Time (s): cpu = 00:00:36 ; elapsed = 00:00:38 . Memory (MB): peak = 1400.242 ; gain = 534.484
---------------------------------------------------------------------------------
---------------------------------------------------------------------------------
Start Writing Synthesis Report
---------------------------------------------------------------------------------

Report BlackBoxes: 
+------+--------------+----------+
|      |BlackBox name |Instances |
+------+--------------+----------+
|1     |IM            |         1|
+------+--------------+----------+

Report Cell Usage: 
+------+-------+------+
|      |Cell   |Count |
+------+-------+------+
|1     |IM     |     1|
|2     |BUFG   |     2|
|3     |CARRY4 |     8|
|4     |LUT1   |     3|
|5     |LUT2   |    15|
|6     |LUT3   |     5|
|7     |LUT4   |     8|
|8     |LUT5   |    11|
|9     |LUT6   |    25|
|10    |FDCE   |     6|
|11    |FDRE   |    51|
|12    |IBUF   |     5|
|13    |OBUF   |    44|
+------+-------+------+
---------------------------------------------------------------------------------
Finished Writing Synthesis Report : Time (s): cpu = 00:00:36 ; elapsed = 00:00:38 . Memory (MB): peak = 1400.242 ; gain = 534.484
---------------------------------------------------------------------------------
Synthesis finished with 0 errors, 0 critical warnings and 2 warnings.
Synthesis Optimization Runtime : Time (s): cpu = 00:00:24 ; elapsed = 00:00:35 . Memory (MB): peak = 1400.242 ; gain = 509.691
Synthesis Optimization Complete : Time (s): cpu = 00:00:36 ; elapsed = 00:00:38 . Memory (MB): peak = 1400.242 ; gain = 534.484
INFO: [Project 1-571] Translating synthesized netlist
Netlist sorting complete. Time (s): cpu = 00:00:00 ; elapsed = 00:00:00.002 . Memory (MB): peak = 1412.328 ; gain = 0.000
INFO: [Netlist 29-17] Analyzing 8 Unisim elements for replacement
INFO: [Netlist 29-28] Unisim Transformation completed in 0 CPU seconds
INFO: [Project 1-570] Preparing netlist for logic optimization
INFO: [Opt 31-138] Pushed 0 inverter(s) to 0 load pin(s).
Netlist sorting complete. Time (s): cpu = 00:00:00 ; elapsed = 00:00:00.001 . Memory (MB): peak = 1415.863 ; gain = 0.000
INFO: [Project 1-111] Unisim Transformation Summary:
No Unisim elements were transformed.

Synth Design complete | Checksum: 921b98a0
INFO: [Common 17-83] Releasing license: Synthesis
38 Infos, 5 Warnings, 0 Critical Warnings and 0 Errors encountered.
synth_design completed successfully
synth_design: Time (s): cpu = 00:00:43 ; elapsed = 00:00:46 . Memory (MB): peak = 1415.863 ; gain = 947.699
INFO: [Common 17-1381] The checkpoint 'D:/FPGA/Fetch_Code/Fetch_Code.runs/synth_1/Fetch_Code.dcp' has been generated.
INFO: [runtcl-4] Executing : report_utilization -file Fetch_Code_utilization_synth.rpt -pb Fetch_Code_utilization_synth.pb
INFO: [Common 17-206] Exiting Vivado at Fri May 16 21:45:42 2025...
